<?xml version="1.0" encoding="UTF-8"?>
<testsuite name="br.com.digital.innovation.one.javafuncional.JavaFuncionalApplicationTests" tests="1" skipped="0" failures="0" errors="0" timestamp="2021-09-01T00:07:37" hostname="solak-vm" time="1.485">
  <properties/>
  <testcase name="contextLoads()" classname="br.com.digital.innovation.one.javafuncional.JavaFuncionalApplicationTests" time="1.485"/>
  <system-out><![CDATA[21:07:17.463 [Test worker] DEBUG org.springframework.test.context.BootstrapUtils - Instantiating CacheAwareContextLoaderDelegate from class [org.springframework.test.context.cache.DefaultCacheAwareContextLoaderDelegate]
21:07:17.577 [Test worker] DEBUG org.springframework.test.context.BootstrapUtils - Instantiating BootstrapContext using constructor [public org.springframework.test.context.support.DefaultBootstrapContext(java.lang.Class,org.springframework.test.context.CacheAwareContextLoaderDelegate)]
21:07:17.881 [Test worker] DEBUG org.springframework.test.context.BootstrapUtils - Instantiating TestContextBootstrapper for test class [br.com.digital.innovation.one.javafuncional.JavaFuncionalApplicationTests] from class [org.springframework.boot.test.context.SpringBootTestContextBootstrapper]
21:07:17.918 [Test worker] INFO org.springframework.boot.test.context.SpringBootTestContextBootstrapper - Neither @ContextConfiguration nor @ContextHierarchy found for test class [br.com.digital.innovation.one.javafuncional.JavaFuncionalApplicationTests], using SpringBootContextLoader
21:07:17.941 [Test worker] DEBUG org.springframework.test.context.support.AbstractContextLoader - Did not detect default resource location for test class [br.com.digital.innovation.one.javafuncional.JavaFuncionalApplicationTests]: class path resource [br/com/digital/innovation/one/javafuncional/JavaFuncionalApplicationTests-context.xml] does not exist
21:07:17.948 [Test worker] DEBUG org.springframework.test.context.support.AbstractContextLoader - Did not detect default resource location for test class [br.com.digital.innovation.one.javafuncional.JavaFuncionalApplicationTests]: class path resource [br/com/digital/innovation/one/javafuncional/JavaFuncionalApplicationTestsContext.groovy] does not exist
21:07:17.959 [Test worker] INFO org.springframework.test.context.support.AbstractContextLoader - Could not detect default resource locations for test class [br.com.digital.innovation.one.javafuncional.JavaFuncionalApplicationTests]: no resource found for suffixes {-context.xml, Context.groovy}.
21:07:17.964 [Test worker] INFO org.springframework.test.context.support.AnnotationConfigContextLoaderUtils - Could not detect default configuration classes for test class [br.com.digital.innovation.one.javafuncional.JavaFuncionalApplicationTests]: JavaFuncionalApplicationTests does not declare any static, non-private, non-final, nested classes annotated with @Configuration.
21:07:18.379 [Test worker] DEBUG org.springframework.test.context.support.ActiveProfilesUtils - Could not find an 'annotation declaring class' for annotation type [org.springframework.test.context.ActiveProfiles] and class [br.com.digital.innovation.one.javafuncional.JavaFuncionalApplicationTests]
21:07:18.933 [Test worker] DEBUG org.springframework.context.annotation.ClassPathScanningCandidateComponentProvider - Identified candidate component class: file [/home/solak/Downloads/CursoJavaAvancado/java-funcional/build/classes/java/main/br/com/digital/innovation/one/javafuncional/JavaFuncionalApplication.class]
21:07:18.952 [Test worker] INFO org.springframework.boot.test.context.SpringBootTestContextBootstrapper - Found @SpringBootConfiguration br.com.digital.innovation.one.javafuncional.JavaFuncionalApplication for test class br.com.digital.innovation.one.javafuncional.JavaFuncionalApplicationTests
21:07:20.002 [Test worker] DEBUG org.springframework.boot.test.context.SpringBootTestContextBootstrapper - @TestExecutionListeners is not present for class [br.com.digital.innovation.one.javafuncional.JavaFuncionalApplicationTests]: using defaults.
21:07:20.010 [Test worker] INFO org.springframework.boot.test.context.SpringBootTestContextBootstrapper - Loaded default TestExecutionListener class names from location [META-INF/spring.factories]: [org.springframework.boot.test.autoconfigure.restdocs.RestDocsTestExecutionListener, org.springframework.boot.test.autoconfigure.web.client.MockRestServiceServerResetTestExecutionListener, org.springframework.boot.test.autoconfigure.web.servlet.MockMvcPrintOnlyOnFailureTestExecutionListener, org.springframework.boot.test.autoconfigure.web.servlet.WebDriverTestExecutionListener, org.springframework.boot.test.autoconfigure.webservices.client.MockWebServiceServerTestExecutionListener, org.springframework.boot.test.mock.mockito.MockitoTestExecutionListener, org.springframework.boot.test.mock.mockito.ResetMocksTestExecutionListener, org.springframework.test.context.web.ServletTestExecutionListener, org.springframework.test.context.support.DirtiesContextBeforeModesTestExecutionListener, org.springframework.test.context.event.ApplicationEventsTestExecutionListener, org.springframework.test.context.support.DependencyInjectionTestExecutionListener, org.springframework.test.context.support.DirtiesContextTestExecutionListener, org.springframework.test.context.transaction.TransactionalTestExecutionListener, org.springframework.test.context.jdbc.SqlScriptsTestExecutionListener, org.springframework.test.context.event.EventPublishingTestExecutionListener]
21:07:20.119 [Test worker] DEBUG org.springframework.boot.test.context.SpringBootTestContextBootstrapper - Skipping candidate TestExecutionListener [org.springframework.test.context.transaction.TransactionalTestExecutionListener] due to a missing dependency. Specify custom listener classes or make the default listener classes and their required dependencies available. Offending class: [org/springframework/transaction/interceptor/TransactionAttributeSource]
21:07:20.130 [Test worker] DEBUG org.springframework.boot.test.context.SpringBootTestContextBootstrapper - Skipping candidate TestExecutionListener [org.springframework.test.context.jdbc.SqlScriptsTestExecutionListener] due to a missing dependency. Specify custom listener classes or make the default listener classes and their required dependencies available. Offending class: [org/springframework/transaction/interceptor/TransactionAttribute]
21:07:20.132 [Test worker] INFO org.springframework.boot.test.context.SpringBootTestContextBootstrapper - Using TestExecutionListeners: [org.springframework.test.context.web.ServletTestExecutionListener@7e43374a, org.springframework.test.context.support.DirtiesContextBeforeModesTestExecutionListener@72135782, org.springframework.test.context.event.ApplicationEventsTestExecutionListener@757c29ca, org.springframework.boot.test.mock.mockito.MockitoTestExecutionListener@6b3310de, org.springframework.boot.test.autoconfigure.SpringBootDependencyInjectionTestExecutionListener@cad9395, org.springframework.test.context.support.DirtiesContextTestExecutionListener@64ea6ac5, org.springframework.test.context.event.EventPublishingTestExecutionListener@704c2deb, org.springframework.boot.test.autoconfigure.restdocs.RestDocsTestExecutionListener@38a66dc, org.springframework.boot.test.autoconfigure.web.client.MockRestServiceServerResetTestExecutionListener@635b7c03, org.springframework.boot.test.autoconfigure.web.servlet.MockMvcPrintOnlyOnFailureTestExecutionListener@54d08eef, org.springframework.boot.test.autoconfigure.web.servlet.WebDriverTestExecutionListener@4562d2eb, org.springframework.boot.test.autoconfigure.webservices.client.MockWebServiceServerTestExecutionListener@150ef01d, org.springframework.boot.test.mock.mockito.ResetMocksTestExecutionListener@2d0d2ddb]
21:07:20.162 [Test worker] DEBUG org.springframework.test.context.support.AbstractDirtiesContextTestExecutionListener - Before test class: context [DefaultTestContext@37bad88e testClass = JavaFuncionalApplicationTests, testInstance = [null], testMethod = [null], testException = [null], mergedContextConfiguration = [WebMergedContextConfiguration@224ed393 testClass = JavaFuncionalApplicationTests, locations = '{}', classes = '{class br.com.digital.innovation.one.javafuncional.JavaFuncionalApplication}', contextInitializerClasses = '[]', activeProfiles = '{}', propertySourceLocations = '{}', propertySourceProperties = '{org.springframework.boot.test.context.SpringBootTestContextBootstrapper=true}', contextCustomizers = set[org.springframework.boot.test.autoconfigure.actuate.metrics.MetricsExportContextCustomizerFactory$DisableMetricExportContextCustomizer@55b18bd3, org.springframework.boot.test.autoconfigure.properties.PropertyMappingContextCustomizer@0, org.springframework.boot.test.autoconfigure.web.servlet.WebDriverContextCustomizerFactory$Customizer@51b759e2, org.springframework.boot.test.context.filter.ExcludeFilterContextCustomizer@652b14ea, org.springframework.boot.test.json.DuplicateJsonObjectContextCustomizerFactory$DuplicateJsonObjectContextCustomizer@330d9e39, org.springframework.boot.test.mock.mockito.MockitoContextCustomizer@0, org.springframework.boot.test.web.client.TestRestTemplateContextCustomizer@650cdc99, org.springframework.boot.test.context.SpringBootTestArgs@1, org.springframework.boot.test.context.SpringBootTestWebEnvironment@29258a41], resourceBasePath = 'src/main/webapp', contextLoader = 'org.springframework.boot.test.context.SpringBootContextLoader', parent = [null]], attributes = map['org.springframework.test.context.web.ServletTestExecutionListener.activateListener' -> true]], class annotated with @DirtiesContext [false] with mode [null].
21:07:20.404 [Test worker] DEBUG org.springframework.test.context.support.TestPropertySourceUtils - Adding inlined properties to environment: {spring.jmx.enabled=false, org.springframework.boot.test.context.SpringBootTestContextBootstrapper=true}

  .   ____          _            __ _ _
 /\\ / ___'_ __ _ _(_)_ __  __ _ \ \ \ \
( ( )\___ | '_ | '_| | '_ \/ _` | \ \ \ \
 \\/  ___)| |_)| | | | | || (_| |  ) ) ) )
  '  |____| .__|_| |_|_| |_\__, | / / / /
 =========|_|==============|___/=/_/_/_/
 :: Spring Boot ::                (v2.5.4)

2021-08-31 21:07:22.729  INFO 3155 --- [    Test worker] .c.d.i.o.j.JavaFuncionalApplicationTests : Starting JavaFuncionalApplicationTests using Java 11.0.11 on solak-vm with PID 3155 (started by solak in /home/solak/Downloads/CursoJavaAvancado/java-funcional)
2021-08-31 21:07:22.749  INFO 3155 --- [    Test worker] .c.d.i.o.j.JavaFuncionalApplicationTests : No active profile set, falling back to default profiles: default
2021-08-31 21:07:37.214  INFO 3155 --- [    Test worker] .c.d.i.o.j.JavaFuncionalApplicationTests : Started JavaFuncionalApplicationTests in 16.654 seconds (JVM running for 28.81)
]]></system-out>
  <system-err><![CDATA[]]></system-err>
</testsuite>
